[1015/152635:INFO:CONSOLE(0)] "app router initialize," source: file:///C:/Users/Administrator.pc-201405021726/AppData/Roaming/Adobe/CEPServiceManager4/extensions/cutterman/js/cutterman.js(10)
[1015/152645:INFO:CONSOLE(0)] "JPEG," source: file:///C:/Users/Administrator.pc-201405021726/AppData/Roaming/Adobe/CEPServiceManager4/extensions/cutterman/js/cutterman.js(516)
[1015/152645:INFO:CONSOLE(0)] "{"samefile":"cover","androidCurrentDpi":"不设置","iosCurrentDpi":"不设置","androidDpi":{"XXXHDPI":"1440","XXHDPI":"1080","XHDPI":"720","HDPI":"540","MDPI":"360"},"iosDpi":{"3X":"960","2X":"640","1X":"320"},"format":"JPEG","quality":60,"output":"~/Desktop","merge":true,"target":["web"],"bounds":[0,0]}," source: file:///C:/Users/Administrator.pc-201405021726/AppData/Roaming/Adobe/CEPServiceManager4/extensions/cutterman/js/cutterman.js(523)
[1015/152653:INFO:CONSOLE(0)] "XMLHttpRequest cannot load http://www.cutterman.cn/rank/submit. Origin null is not allowed by Access-Control-Allow-Origin.," source: (0)
[1015/160020:INFO:CONSOLE(0)] "app router initialize," source: file:///C:/Users/Administrator.pc-201405021726/AppData/Roaming/Adobe/CEPServiceManager4/extensions/cutterman/js/cutterman.js(10)
[1015/160021:INFO:CONSOLE(0)] "JPEG," source: file:///C:/Users/Administrator.pc-201405021726/AppData/Roaming/Adobe/CEPServiceManager4/extensions/cutterman/js/cutterman.js(516)
[1015/160021:INFO:CONSOLE(0)] "{"samefile":"cover","androidCurrentDpi":"不设置","iosCurrentDpi":"不设置","androidDpi":{"XXXHDPI":"1440","XXHDPI":"1080","XHDPI":"720","HDPI":"540","MDPI":"360"},"iosDpi":{"3X":"960","2X":"640","1X":"320"},"format":"JPEG","quality":60,"output":"~/Desktop","merge":true,"target":["web"],"bounds":[0,0]}," source: file:///C:/Users/Administrator.pc-201405021726/AppData/Roaming/Adobe/CEPServiceManager4/extensions/cutterman/js/cutterman.js(523)
[1015/160024:INFO:CONSOLE(0)] "XMLHttpRequest cannot load http://www.cutterman.cn/rank/submit. Origin null is not allowed by Access-Control-Allow-Origin.," source: (0)
[1015/175433:INFO:CONSOLE(0)] "PNG," source: file:///C:/Users/Administrator.pc-201405021726/AppData/Roaming/Adobe/CEPServiceManager4/extensions/cutterman/js/cutterman.js(516)
[1015/175433:INFO:CONSOLE(0)] "{"samefile":"cover","androidCurrentDpi":"不设置","iosCurrentDpi":"不设置","androidDpi":{"XXXHDPI":"1440","XXHDPI":"1080","XHDPI":"720","HDPI":"540","MDPI":"360"},"iosDpi":{"3X":"960","2X":"640","1X":"320"},"format":"PNG-24","quality":"PNG-24","output":"~/Desktop","merge":true,"target":["web"],"bounds":[0,0]}," source: file:///C:/Users/Administrator.pc-201405021726/AppData/Roaming/Adobe/CEPServiceManager4/extensions/cutterman/js/cutterman.js(523)
[1015/175434:INFO:CONSOLE(0)] "XMLHttpRequest cannot load http://www.cutterman.cn/rank/submit. Origin null is not allowed by Access-Control-Allow-Origin.," source: (0)
[1015/180420:INFO:CONSOLE(0)] "PNG," source: file:///C:/Users/Administrator.pc-201405021726/AppData/Roaming/Adobe/CEPServiceManager4/extensions/cutterman/js/cutterman.js(516)
[1015/180420:INFO:CONSOLE(0)] "{"samefile":"cover","androidCurrentDpi":"不设置","iosCurrentDpi":"不设置","androidDpi":{"XXXHDPI":"1440","XXHDPI":"1080","XHDPI":"720","HDPI":"540","MDPI":"360"},"iosDpi":{"3X":"960","2X":"640","1X":"320"},"format":"PNG-24","quality":"PNG-24","output":"~/Desktop","merge":true,"target":["web"],"bounds":[0,0]}," source: file:///C:/Users/Administrator.pc-201405021726/AppData/Roaming/Adobe/CEPServiceManager4/extensions/cutterman/js/cutterman.js(523)
[1015/180422:INFO:CONSOLE(0)] "XMLHttpRequest cannot load http://www.cutterman.cn/rank/submit. Origin null is not allowed by Access-Control-Allow-Origin.," source: (0)
[1015/180440:INFO:CONSOLE(0)] "PNG," source: file:///C:/Users/Administrator.pc-201405021726/AppData/Roaming/Adobe/CEPServiceManager4/extensions/cutterman/js/cutterman.js(516)
[1015/180440:INFO:CONSOLE(0)] "{"samefile":"cover","androidCurrentDpi":"不设置","iosCurrentDpi":"不设置","androidDpi":{"XXXHDPI":"1440","XXHDPI":"1080","XHDPI":"720","HDPI":"540","MDPI":"360"},"iosDpi":{"3X":"960","2X":"640","1X":"320"},"format":"PNG-24","quality":"PNG-24","output":"~/Desktop","merge":true,"target":["web"],"bounds":[0,0]}," source: file:///C:/Users/Administrator.pc-201405021726/AppData/Roaming/Adobe/CEPServiceManager4/extensions/cutterman/js/cutterman.js(523)
[1015/180442:INFO:CONSOLE(0)] "XMLHttpRequest cannot load http://www.cutterman.cn/rank/submit. Origin null is not allowed by Access-Control-Allow-Origin.," source: (0)
[1015/180511:INFO:CONSOLE(0)] "PNG," source: file:///C:/Users/Administrator.pc-201405021726/AppData/Roaming/Adobe/CEPServiceManager4/extensions/cutterman/js/cutterman.js(516)
[1015/180511:INFO:CONSOLE(0)] "{"samefile":"cover","androidCurrentDpi":"不设置","iosCurrentDpi":"不设置","androidDpi":{"XXXHDPI":"1440","XXHDPI":"1080","XHDPI":"720","HDPI":"540","MDPI":"360"},"iosDpi":{"3X":"960","2X":"640","1X":"320"},"format":"PNG-24","quality":"PNG-24","output":"~/Desktop","merge":true,"target":["web"],"bounds":[0,0]}," source: file:///C:/Users/Administrator.pc-201405021726/AppData/Roaming/Adobe/CEPServiceManager4/extensions/cutterman/js/cutterman.js(523)
[1015/180512:INFO:CONSOLE(0)] "XMLHttpRequest cannot load http://www.cutterman.cn/rank/submit. Origin null is not allowed by Access-Control-Allow-Origin.," source: (0)
[1015/180537:INFO:CONSOLE(0)] "PNG," source: file:///C:/Users/Administrator.pc-201405021726/AppData/Roaming/Adobe/CEPServiceManager4/extensions/cutterman/js/cutterman.js(516)
[1015/180537:INFO:CONSOLE(0)] "{"samefile":"cover","androidCurrentDpi":"不设置","iosCurrentDpi":"不设置","androidDpi":{"XXXHDPI":"1440","XXHDPI":"1080","XHDPI":"720","HDPI":"540","MDPI":"360"},"iosDpi":{"3X":"960","2X":"640","1X":"320"},"format":"PNG-24","quality":"PNG-24","output":"~/Desktop","merge":true,"target":["web"],"bounds":[0,0]}," source: file:///C:/Users/Administrator.pc-201405021726/AppData/Roaming/Adobe/CEPServiceManager4/extensions/cutterman/js/cutterman.js(523)
[1015/180539:INFO:CONSOLE(0)] "XMLHttpRequest cannot load http://www.cutterman.cn/rank/submit. Origin null is not allowed by Access-Control-Allow-Origin.," source: (0)
[1015/180624:INFO:CONSOLE(0)] "PNG," source: file:///C:/Users/Administrator.pc-201405021726/AppData/Roaming/Adobe/CEPServiceManager4/extensions/cutterman/js/cutterman.js(516)
[1015/180624:INFO:CONSOLE(0)] "{"samefile":"cover","androidCurrentDpi":"不设置","iosCurrentDpi":"不设置","androidDpi":{"XXXHDPI":"1440","XXHDPI":"1080","XHDPI":"720","HDPI":"540","MDPI":"360"},"iosDpi":{"3X":"960","2X":"640","1X":"320"},"format":"PNG-24","quality":"PNG-24","output":"~/Desktop","merge":true,"target":["web"],"bounds":[0,0]}," source: file:///C:/Users/Administrator.pc-201405021726/AppData/Roaming/Adobe/CEPServiceManager4/extensions/cutterman/js/cutterman.js(523)
[1015/180625:INFO:CONSOLE(0)] "XMLHttpRequest cannot load http://www.cutterman.cn/rank/submit. Origin null is not allowed by Access-Control-Allow-Origin.," source: (0)
[1015/180652:INFO:CONSOLE(0)] "PNG," source: file:///C:/Users/Administrator.pc-201405021726/AppData/Roaming/Adobe/CEPServiceManager4/extensions/cutterman/js/cutterman.js(516)
[1015/180652:INFO:CONSOLE(0)] "{"samefile":"cover","androidCurrentDpi":"不设置","iosCurrentDpi":"不设置","androidDpi":{"XXXHDPI":"1440","XXHDPI":"1080","XHDPI":"720","HDPI":"540","MDPI":"360"},"iosDpi":{"3X":"960","2X":"640","1X":"320"},"format":"PNG-24","quality":"PNG-24","output":"~/Desktop","merge":true,"target":["web"],"bounds":[0,0]}," source: file:///C:/Users/Administrator.pc-201405021726/AppData/Roaming/Adobe/CEPServiceManager4/extensions/cutterman/js/cutterman.js(523)
[1015/180653:INFO:CONSOLE(0)] "XMLHttpRequest cannot load http://www.cutterman.cn/rank/submit. Origin null is not allowed by Access-Control-Allow-Origin.," source: (0)
[1015/180712:INFO:CONSOLE(0)] "PNG," source: file:///C:/Users/Administrator.pc-201405021726/AppData/Roaming/Adobe/CEPServiceManager4/extensions/cutterman/js/cutterman.js(516)
[1015/180712:INFO:CONSOLE(0)] "{"samefile":"cover","androidCurrentDpi":"不设置","iosCurrentDpi":"不设置","androidDpi":{"XXXHDPI":"1440","XXHDPI":"1080","XHDPI":"720","HDPI":"540","MDPI":"360"},"iosDpi":{"3X":"960","2X":"640","1X":"320"},"format":"PNG-24","quality":"PNG-24","output":"~/Desktop","merge":true,"target":["web"],"bounds":[0,0]}," source: file:///C:/Users/Administrator.pc-201405021726/AppData/Roaming/Adobe/CEPServiceManager4/extensions/cutterman/js/cutterman.js(523)
[1015/180713:INFO:CONSOLE(0)] "XMLHttpRequest cannot load http://www.cutterman.cn/rank/submit. Origin null is not allowed by Access-Control-Allow-Origin.," source: (0)
[1015/192014:INFO:CONSOLE(0)] "app router initialize," source: file:///C:/Users/Administrator.pc-201405021726/AppData/Roaming/Adobe/CEPServiceManager4/extensions/cutterman/js/cutterman.js(10)
[1015/192022:INFO:CONSOLE(0)] "PNG," source: file:///C:/Users/Administrator.pc-201405021726/AppData/Roaming/Adobe/CEPServiceManager4/extensions/cutterman/js/cutterman.js(516)
[1015/192022:INFO:CONSOLE(0)] "{"samefile":"cover","androidCurrentDpi":"不设置","iosCurrentDpi":"不设置","androidDpi":{"XXXHDPI":"1440","XXHDPI":"1080","XHDPI":"720","HDPI":"540","MDPI":"360"},"iosDpi":{"3X":"960","2X":"640","1X":"320"},"format":"PNG-24","quality":"PNG-24","output":"~/Desktop","merge":true,"target":["web"],"bounds":[0,0]}," source: file:///C:/Users/Administrator.pc-201405021726/AppData/Roaming/Adobe/CEPServiceManager4/extensions/cutterman/js/cutterman.js(523)
[1015/192026:INFO:CONSOLE(0)] "XMLHttpRequest cannot load http://www.cutterman.cn/rank/submit. Origin null is not allowed by Access-Control-Allow-Origin.," source: (0)
[1015/200233:WARNING:dns_config_service_win.cc(481)] Failed to read DnsConfig.
[1015/200234:WARNING:dns_config_service_win.cc(481)] Failed to read DnsConfig.
[1015/200238:WARNING:dns_config_service_win.cc(481)] Failed to read DnsConfig.
[1015/200238:WARNING:dns_config_service_win.cc(481)] Failed to read DnsConfig.
[1015/200238:WARNING:dns_config_service_win.cc(481)] Failed to read DnsConfig.
[1015/200238:WARNING:dns_config_service_win.cc(481)] Failed to read DnsConfig.
[1015/203159:INFO:CONSOLE(0)] "app router initialize," source: file:///C:/Users/Administrator.pc-201405021726/AppData/Roaming/Adobe/CEPServiceManager4/extensions/cutterman/js/cutterman.js(10)
[1015/203200:INFO:CONSOLE(0)] "PNG," source: file:///C:/Users/Administrator.pc-201405021726/AppData/Roaming/Adobe/CEPServiceManager4/extensions/cutterman/js/cutterman.js(516)
[1015/203200:INFO:CONSOLE(0)] "{"samefile":"cover","androidCurrentDpi":"不设置","iosCurrentDpi":"不设置","androidDpi":{"XXXHDPI":"1440","XXHDPI":"1080","XHDPI":"720","HDPI":"540","MDPI":"360"},"iosDpi":{"3X":"960","2X":"640","1X":"320"},"format":"PNG-24","quality":"PNG-24","output":"~/Desktop","merge":true,"target":["web"],"bounds":[0,0]}," source: file:///C:/Users/Administrator.pc-201405021726/AppData/Roaming/Adobe/CEPServiceManager4/extensions/cutterman/js/cutterman.js(523)
[1015/203204:INFO:CONSOLE(0)] "XMLHttpRequest cannot load http://www.cutterman.cn/rank/submit. Origin null is not allowed by Access-Control-Allow-Origin.," source: (0)
